2018-03-20 14:49:21.823 [main] INFO  com.zzm.demo.utils.FastDFSClientTest - Starting FastDFSClientTest on DESKTOP-OEBLPIA with PID 8880 (started by admin in C:\JavaDevelopment\WeChat\moinca-springboot-mongodb-master\springboot-mongodb)
2018-03-20 14:49:21.824 [main] INFO  com.zzm.demo.utils.FastDFSClientTest - No active profile set, falling back to default profiles: default
2018-03-20 14:49:21.875 [main] INFO  org.springframework.web.context.support.GenericWebApplicationContext - Refreshing org.springframework.web.context.support.GenericWebApplicationContext@3aa3db4b: startup date [Tue Mar 20 14:49:21 CST 2018]; root of context hierarchy
2018-03-20 14:49:22.430 [background-preinit] INFO  org.hibernate.validator.internal.util.Version - HV000001: Hibernate Validator 5.3.5.Final
2018-03-20 14:49:24.347 [main] INFO  org.mongodb.driver.cluster - Cluster created with settings {hosts=[106.14.133.57:27017], mode=SINGLE, requiredClusterType=UNKNOWN, serverSelectionTimeout='30000 ms', maxWaitQueueSize=500}
2018-03-20 14:49:24.607 [main] DEBUG org.springframework.data.mongodb.core.index.MongoPersistentEntityIndexCreator - Analyzing class class com.zzm.demo.pojo.User for index information.
2018-03-20 14:49:24.801 [cluster-ClusterId{value='5ab0aef4171f3922b03aa2eb', description='null'}-106.14.133.57:27017] INFO  org.mongodb.driver.connection - Opened connection [connectionId{localValue:1, serverValue:13}] to 106.14.133.57:27017
2018-03-20 14:49:24.839 [cluster-ClusterId{value='5ab0aef4171f3922b03aa2eb', description='null'}-106.14.133.57:27017] INFO  org.mongodb.driver.cluster - Monitor thread successfully connected to server with description ServerDescription{address=106.14.133.57:27017, type=STANDALONE, state=CONNECTED, ok=true, version=ServerVersion{versionList=[3, 4, 6]}, minWireVersion=0, maxWireVersion=5, maxDocumentSize=16777216, roundTripTimeNanos=36192290}
2018-03-20 14:49:25.602 [main] INFO  org.springframework.web.servlet.mvc.method.annotation.RequestMappingHandlerAdapter - Looking for @ControllerAdvice: org.springframework.web.context.support.GenericWebApplicationContext@3aa3db4b: startup date [Tue Mar 20 14:49:21 CST 2018]; root of context hierarchy
2018-03-20 14:49:25.743 [main] INFO  org.springframework.web.servlet.mvc.method.annotation.RequestMappingHandlerMapping - Mapped "{[/insert]}" onto public java.lang.String com.zzm.demo.controller.DemoInfoController.insert()
2018-03-20 14:49:25.744 [main] INFO  org.springframework.web.servlet.mvc.method.annotation.RequestMappingHandlerMapping - Mapped "{[/queryByModel],methods=[POST]}" onto public java.util.List<com.zzm.demo.pojo.DemoInfo> com.zzm.demo.controller.DemoInfoController.queryByModel(com.zzm.demo.pojo.DemoInfo)
2018-03-20 14:49:25.745 [main] INFO  org.springframework.web.servlet.mvc.method.annotation.RequestMappingHandlerMapping - Mapped "{[/insert2]}" onto public java.lang.String com.zzm.demo.controller.DemoInfoController.insert2()
2018-03-20 14:49:25.745 [main] INFO  org.springframework.web.servlet.mvc.method.annotation.RequestMappingHandlerMapping - Mapped "{[/find2]}" onto public java.util.List<com.zzm.demo.pojo.DemoInfo> com.zzm.demo.controller.DemoInfoController.find2()
2018-03-20 14:49:25.745 [main] INFO  org.springframework.web.servlet.mvc.method.annotation.RequestMappingHandlerMapping - Mapped "{[/insertBatch]}" onto public java.lang.String com.zzm.demo.controller.DemoInfoController.insertBatch()
2018-03-20 14:49:25.745 [main] INFO  org.springframework.web.servlet.mvc.method.annotation.RequestMappingHandlerMapping - Mapped "{[/updateMulti]}" onto public com.mongodb.WriteResult com.zzm.demo.controller.DemoInfoController.updateMulti()
2018-03-20 14:49:25.751 [main] INFO  org.springframework.web.servlet.mvc.method.annotation.RequestMappingHandlerMapping - Mapped "{[/updateMultiForInc]}" onto public com.mongodb.WriteResult com.zzm.demo.controller.DemoInfoController.updateMultiForInc()
2018-03-20 14:49:25.751 [main] INFO  org.springframework.web.servlet.mvc.method.annotation.RequestMappingHandlerMapping - Mapped "{[/updateMultiForReName]}" onto public com.mongodb.WriteResult com.zzm.demo.controller.DemoInfoController.updateMultiForReName()
2018-03-20 14:49:25.751 [main] INFO  org.springframework.web.servlet.mvc.method.annotation.RequestMappingHandlerMapping - Mapped "{[/updateMultiForUnset]}" onto public com.mongodb.WriteResult com.zzm.demo.controller.DemoInfoController.updateMultiForUnset()
2018-03-20 14:49:25.752 [main] INFO  org.springframework.web.servlet.mvc.method.annotation.RequestMappingHandlerMapping - Mapped "{[/upsertByCondition]}" onto public com.mongodb.WriteResult com.zzm.demo.controller.DemoInfoController.upsertByCondition()
2018-03-20 14:49:25.752 [main] INFO  org.springframework.web.servlet.mvc.method.annotation.RequestMappingHandlerMapping - Mapped "{[/queryByCondition]}" onto public java.util.List<com.zzm.demo.pojo.DemoInfo> com.zzm.demo.controller.DemoInfoController.queryByCondition()
2018-03-20 14:49:25.753 [main] INFO  org.springframework.web.servlet.mvc.method.annotation.RequestMappingHandlerMapping - Mapped "{[/updateMultiForPull]}" onto public com.mongodb.WriteResult com.zzm.demo.controller.DemoInfoController.updateMultiForPull()
2018-03-20 14:49:25.753 [main] INFO  org.springframework.web.servlet.mvc.method.annotation.RequestMappingHandlerMapping - Mapped "{[/down],methods=[GET]}" onto public void com.zzm.demo.controller.DownController.downLoad(javax.servlet.http.HttpServletResponse) throws java.lang.Exception
2018-03-20 14:49:25.754 [main] INFO  org.springframework.web.servlet.mvc.method.annotation.RequestMappingHandlerMapping - Mapped "{[/page],methods=[POST]}" onto public com.zzm.demo.pojo.PageModel<com.zzm.demo.pojo.DemoInfo> com.zzm.demo.controller.PageController.findByPage(java.lang.Integer,java.lang.Integer)
2018-03-20 14:49:25.766 [main] INFO  org.springframework.web.servlet.mvc.method.annotation.RequestMappingHandlerMapping - Mapped "{[/index/find],methods=[GET]}" onto public java.lang.Object com.zzm.demo.controller.UserController.find()
2018-03-20 14:49:25.766 [main] INFO  org.springframework.web.servlet.mvc.method.annotation.RequestMappingHandlerMapping - Mapped "{[/index/delete],methods=[GET]}" onto public java.lang.Object com.zzm.demo.controller.UserController.delete()
2018-03-20 14:49:25.767 [main] INFO  org.springframework.web.servlet.mvc.method.annotation.RequestMappingHandlerMapping - Mapped "{[/index/update/{id}],methods=[GET]}" onto public java.lang.Object com.zzm.demo.controller.UserController.update(java.lang.String)
2018-03-20 14:49:25.767 [main] INFO  org.springframework.web.servlet.mvc.method.annotation.RequestMappingHandlerMapping - Mapped "{[/index/test/{id}],methods=[GET]}" onto public java.lang.Object com.zzm.demo.controller.UserController.test(java.lang.String)
2018-03-20 14:49:25.767 [main] INFO  org.springframework.web.servlet.mvc.method.annotation.RequestMappingHandlerMapping - Mapped "{[/index/findAll],methods=[GET]}" onto public java.lang.Object com.zzm.demo.controller.UserController.findAll()
2018-03-20 14:49:25.776 [main] INFO  org.springframework.web.servlet.mvc.method.annotation.RequestMappingHandlerMapping - Mapped "{[/error]}" onto public org.springframework.http.ResponseEntity<java.util.Map<java.lang.String, java.lang.Object>> org.springframework.boot.autoconfigure.web.BasicErrorController.error(javax.servlet.http.HttpServletRequest)
2018-03-20 14:49:25.777 [main] INFO  org.springframework.web.servlet.mvc.method.annotation.RequestMappingHandlerMapping - Mapped "{[/error],produces=[text/html]}" onto public org.springframework.web.servlet.ModelAndView org.springframework.boot.autoconfigure.web.BasicErrorController.errorHtml(javax.servlet.http.HttpServletRequest,javax.servlet.http.HttpServletResponse)
2018-03-20 14:49:26.167 [main] INFO  org.springframework.web.servlet.handler.SimpleUrlHandlerMapping - Mapped URL path [/webjars/**] onto handler of type [class org.springframework.web.servlet.resource.ResourceHttpRequestHandler]
2018-03-20 14:49:26.167 [main] INFO  org.springframework.web.servlet.handler.SimpleUrlHandlerMapping - Mapped URL path [/**] onto handler of type [class org.springframework.web.servlet.resource.ResourceHttpRequestHandler]
2018-03-20 14:49:26.253 [main] INFO  org.springframework.web.servlet.handler.SimpleUrlHandlerMapping - Mapped URL path [/**/favicon.ico] onto handler of type [class org.springframework.web.servlet.resource.ResourceHttpRequestHandler]
2018-03-20 14:49:26.683 [main] INFO  com.zzm.demo.utils.FastDFSClientTest - Started FastDFSClientTest in 5.452 seconds (JVM running for 7.707)
2018-03-20 14:49:26.972 [Thread-2] INFO  org.springframework.web.context.support.GenericWebApplicationContext - Closing org.springframework.web.context.support.GenericWebApplicationContext@3aa3db4b: startup date [Tue Mar 20 14:49:21 CST 2018]; root of context hierarchy
2018-03-20 15:32:58.276 [main] INFO  com.zzm.demo.utils.FastDFSClientTest - Starting FastDFSClientTest on DESKTOP-OEBLPIA with PID 744 (started by admin in C:\JavaDevelopment\WeChat\moinca-springboot-mongodb-master\springboot-mongodb)
2018-03-20 15:32:58.277 [main] INFO  com.zzm.demo.utils.FastDFSClientTest - No active profile set, falling back to default profiles: default
2018-03-20 15:32:58.326 [main] INFO  org.springframework.web.context.support.GenericWebApplicationContext - Refreshing org.springframework.web.context.support.GenericWebApplicationContext@1170e466: startup date [Tue Mar 20 15:32:58 CST 2018]; root of context hierarchy
2018-03-20 15:32:58.934 [background-preinit] INFO  org.hibernate.validator.internal.util.Version - HV000001: Hibernate Validator 5.3.5.Final
2018-03-20 15:33:00.808 [main] INFO  org.mongodb.driver.cluster - Cluster created with settings {hosts=[106.14.133.57:27017], mode=SINGLE, requiredClusterType=UNKNOWN, serverSelectionTimeout='30000 ms', maxWaitQueueSize=500}
2018-03-20 15:33:01.040 [cluster-ClusterId{value='5ab0b92c171f3902e81e4061', description='null'}-106.14.133.57:27017] INFO  org.mongodb.driver.connection - Opened connection [connectionId{localValue:1, serverValue:14}] to 106.14.133.57:27017
2018-03-20 15:33:01.077 [main] DEBUG org.springframework.data.mongodb.core.index.MongoPersistentEntityIndexCreator - Analyzing class class com.zzm.demo.pojo.User for index information.
2018-03-20 15:33:01.078 [cluster-ClusterId{value='5ab0b92c171f3902e81e4061', description='null'}-106.14.133.57:27017] INFO  org.mongodb.driver.cluster - Monitor thread successfully connected to server with description ServerDescription{address=106.14.133.57:27017, type=STANDALONE, state=CONNECTED, ok=true, version=ServerVersion{versionList=[3, 4, 6]}, minWireVersion=0, maxWireVersion=5, maxDocumentSize=16777216, roundTripTimeNanos=36820207}
2018-03-20 15:33:02.016 [main] INFO  org.springframework.web.servlet.mvc.method.annotation.RequestMappingHandlerAdapter - Looking for @ControllerAdvice: org.springframework.web.context.support.GenericWebApplicationContext@1170e466: startup date [Tue Mar 20 15:32:58 CST 2018]; root of context hierarchy
2018-03-20 15:33:02.111 [main] INFO  org.springframework.web.servlet.mvc.method.annotation.RequestMappingHandlerMapping - Mapped "{[/insert]}" onto public java.lang.String com.zzm.demo.controller.DemoInfoController.insert()
2018-03-20 15:33:02.113 [main] INFO  org.springframework.web.servlet.mvc.method.annotation.RequestMappingHandlerMapping - Mapped "{[/insertBatch]}" onto public java.lang.String com.zzm.demo.controller.DemoInfoController.insertBatch()
2018-03-20 15:33:02.113 [main] INFO  org.springframework.web.servlet.mvc.method.annotation.RequestMappingHandlerMapping - Mapped "{[/insert2]}" onto public java.lang.String com.zzm.demo.controller.DemoInfoController.insert2()
2018-03-20 15:33:02.114 [main] INFO  org.springframework.web.servlet.mvc.method.annotation.RequestMappingHandlerMapping - Mapped "{[/queryByModel],methods=[POST]}" onto public java.util.List<com.zzm.demo.pojo.DemoInfo> com.zzm.demo.controller.DemoInfoController.queryByModel(com.zzm.demo.pojo.DemoInfo)
2018-03-20 15:33:02.114 [main] INFO  org.springframework.web.servlet.mvc.method.annotation.RequestMappingHandlerMapping - Mapped "{[/find2]}" onto public java.util.List<com.zzm.demo.pojo.DemoInfo> com.zzm.demo.controller.DemoInfoController.find2()
2018-03-20 15:33:02.114 [main] INFO  org.springframework.web.servlet.mvc.method.annotation.RequestMappingHandlerMapping - Mapped "{[/updateMulti]}" onto public com.mongodb.WriteResult com.zzm.demo.controller.DemoInfoController.updateMulti()
2018-03-20 15:33:02.115 [main] INFO  org.springframework.web.servlet.mvc.method.annotation.RequestMappingHandlerMapping - Mapped "{[/updateMultiForReName]}" onto public com.mongodb.WriteResult com.zzm.demo.controller.DemoInfoController.updateMultiForReName()
2018-03-20 15:33:02.115 [main] INFO  org.springframework.web.servlet.mvc.method.annotation.RequestMappingHandlerMapping - Mapped "{[/updateMultiForUnset]}" onto public com.mongodb.WriteResult com.zzm.demo.controller.DemoInfoController.updateMultiForUnset()
2018-03-20 15:33:02.115 [main] INFO  org.springframework.web.servlet.mvc.method.annotation.RequestMappingHandlerMapping - Mapped "{[/updateMultiForPull]}" onto public com.mongodb.WriteResult com.zzm.demo.controller.DemoInfoController.updateMultiForPull()
2018-03-20 15:33:02.116 [main] INFO  org.springframework.web.servlet.mvc.method.annotation.RequestMappingHandlerMapping - Mapped "{[/updateMultiForInc]}" onto public com.mongodb.WriteResult com.zzm.demo.controller.DemoInfoController.updateMultiForInc()
2018-03-20 15:33:02.116 [main] INFO  org.springframework.web.servlet.mvc.method.annotation.RequestMappingHandlerMapping - Mapped "{[/queryByCondition]}" onto public java.util.List<com.zzm.demo.pojo.DemoInfo> com.zzm.demo.controller.DemoInfoController.queryByCondition()
2018-03-20 15:33:02.117 [main] INFO  org.springframework.web.servlet.mvc.method.annotation.RequestMappingHandlerMapping - Mapped "{[/upsertByCondition]}" onto public com.mongodb.WriteResult com.zzm.demo.controller.DemoInfoController.upsertByCondition()
2018-03-20 15:33:02.118 [main] INFO  org.springframework.web.servlet.mvc.method.annotation.RequestMappingHandlerMapping - Mapped "{[/down],methods=[GET]}" onto public void com.zzm.demo.controller.DownController.downLoad(javax.servlet.http.HttpServletResponse) throws java.lang.Exception
2018-03-20 15:33:02.119 [main] INFO  org.springframework.web.servlet.mvc.method.annotation.RequestMappingHandlerMapping - Mapped "{[/page],methods=[POST]}" onto public com.zzm.demo.pojo.PageModel<com.zzm.demo.pojo.DemoInfo> com.zzm.demo.controller.PageController.findByPage(java.lang.Integer,java.lang.Integer)
2018-03-20 15:33:02.125 [main] INFO  org.springframework.web.servlet.mvc.method.annotation.RequestMappingHandlerMapping - Mapped "{[/index/find],methods=[GET]}" onto public java.lang.Object com.zzm.demo.controller.UserController.find()
2018-03-20 15:33:02.125 [main] INFO  org.springframework.web.servlet.mvc.method.annotation.RequestMappingHandlerMapping - Mapped "{[/index/delete],methods=[GET]}" onto public java.lang.Object com.zzm.demo.controller.UserController.delete()
2018-03-20 15:33:02.125 [main] INFO  org.springframework.web.servlet.mvc.method.annotation.RequestMappingHandlerMapping - Mapped "{[/index/update/{id}],methods=[GET]}" onto public java.lang.Object com.zzm.demo.controller.UserController.update(java.lang.String)
2018-03-20 15:33:02.125 [main] INFO  org.springframework.web.servlet.mvc.method.annotation.RequestMappingHandlerMapping - Mapped "{[/index/test/{id}],methods=[GET]}" onto public java.lang.Object com.zzm.demo.controller.UserController.test(java.lang.String)
2018-03-20 15:33:02.126 [main] INFO  org.springframework.web.servlet.mvc.method.annotation.RequestMappingHandlerMapping - Mapped "{[/index/findAll],methods=[GET]}" onto public java.lang.Object com.zzm.demo.controller.UserController.findAll()
2018-03-20 15:33:02.131 [main] INFO  org.springframework.web.servlet.mvc.method.annotation.RequestMappingHandlerMapping - Mapped "{[/error]}" onto public org.springframework.http.ResponseEntity<java.util.Map<java.lang.String, java.lang.Object>> org.springframework.boot.autoconfigure.web.BasicErrorController.error(javax.servlet.http.HttpServletRequest)
2018-03-20 15:33:02.131 [main] INFO  org.springframework.web.servlet.mvc.method.annotation.RequestMappingHandlerMapping - Mapped "{[/error],produces=[text/html]}" onto public org.springframework.web.servlet.ModelAndView org.springframework.boot.autoconfigure.web.BasicErrorController.errorHtml(javax.servlet.http.HttpServletRequest,javax.servlet.http.HttpServletResponse)
2018-03-20 15:33:02.191 [main] INFO  org.springframework.web.servlet.handler.SimpleUrlHandlerMapping - Mapped URL path [/webjars/**] onto handler of type [class org.springframework.web.servlet.resource.ResourceHttpRequestHandler]
2018-03-20 15:33:02.191 [main] INFO  org.springframework.web.servlet.handler.SimpleUrlHandlerMapping - Mapped URL path [/**] onto handler of type [class org.springframework.web.servlet.resource.ResourceHttpRequestHandler]
2018-03-20 15:33:02.284 [main] INFO  org.springframework.web.servlet.handler.SimpleUrlHandlerMapping - Mapped URL path [/**/favicon.ico] onto handler of type [class org.springframework.web.servlet.resource.ResourceHttpRequestHandler]
2018-03-20 15:33:02.839 [main] INFO  com.zzm.demo.utils.FastDFSClientTest - Started FastDFSClientTest in 5.071 seconds (JVM running for 8.135)
2018-03-20 15:33:24.003 [Thread-2] INFO  org.springframework.web.context.support.GenericWebApplicationContext - Closing org.springframework.web.context.support.GenericWebApplicationContext@1170e466: startup date [Tue Mar 20 15:32:58 CST 2018]; root of context hierarchy
