2018-03-22 16:41:34.496 [main] INFO  com.zzm.demo.utils.FastDFSClientTest - Starting FastDFSClientTest on DESKTOP-OEBLPIA with PID 2608 (started by admin in C:\JavaDevelopment\WeChat\moinca-springboot-mongodb-master\springboot-mongodb)
2018-03-22 16:41:34.497 [main] INFO  com.zzm.demo.utils.FastDFSClientTest - No active profile set, falling back to default profiles: default
2018-03-22 16:41:34.554 [main] INFO  org.springframework.web.context.support.GenericWebApplicationContext - Refreshing org.springframework.web.context.support.GenericWebApplicationContext@3e25e2b8: startup date [Thu Mar 22 16:41:34 CST 2018]; root of context hierarchy
2018-03-22 16:41:35.232 [background-preinit] INFO  org.hibernate.validator.internal.util.Version - HV000001: Hibernate Validator 5.3.5.Final
2018-03-22 16:41:37.324 [main] INFO  org.mongodb.driver.cluster - Cluster created with settings {hosts=[106.14.133.57:27017], mode=SINGLE, requiredClusterType=UNKNOWN, serverSelectionTimeout='30000 ms', maxWaitQueueSize=500}
2018-03-22 16:41:37.583 [main] DEBUG org.springframework.data.mongodb.core.index.MongoPersistentEntityIndexCreator - Analyzing class class com.zzm.demo.pojo.User for index information.
2018-03-22 16:41:37.877 [cluster-ClusterId{value='5ab36c41171f390a30fa4420', description='null'}-106.14.133.57:27017] INFO  org.mongodb.driver.connection - Opened connection [connectionId{localValue:1, serverValue:21}] to 106.14.133.57:27017
2018-03-22 16:41:37.921 [cluster-ClusterId{value='5ab36c41171f390a30fa4420', description='null'}-106.14.133.57:27017] INFO  org.mongodb.driver.cluster - Monitor thread successfully connected to server with description ServerDescription{address=106.14.133.57:27017, type=STANDALONE, state=CONNECTED, ok=true, version=ServerVersion{versionList=[3, 4, 6]}, minWireVersion=0, maxWireVersion=5, maxDocumentSize=16777216, roundTripTimeNanos=42853578}
2018-03-22 16:41:38.594 [main] INFO  org.springframework.web.servlet.mvc.method.annotation.RequestMappingHandlerAdapter - Looking for @ControllerAdvice: org.springframework.web.context.support.GenericWebApplicationContext@3e25e2b8: startup date [Thu Mar 22 16:41:34 CST 2018]; root of context hierarchy
2018-03-22 16:41:38.712 [main] INFO  org.springframework.web.servlet.mvc.method.annotation.RequestMappingHandlerMapping - Mapped "{[/insert]}" onto public java.lang.String com.zzm.demo.controller.DemoInfoController.insert()
2018-03-22 16:41:38.713 [main] INFO  org.springframework.web.servlet.mvc.method.annotation.RequestMappingHandlerMapping - Mapped "{[/updateMulti]}" onto public com.mongodb.WriteResult com.zzm.demo.controller.DemoInfoController.updateMulti()
2018-03-22 16:41:38.713 [main] INFO  org.springframework.web.servlet.mvc.method.annotation.RequestMappingHandlerMapping - Mapped "{[/insert2]}" onto public java.lang.String com.zzm.demo.controller.DemoInfoController.insert2()
2018-03-22 16:41:38.714 [main] INFO  org.springframework.web.servlet.mvc.method.annotation.RequestMappingHandlerMapping - Mapped "{[/insertBatch]}" onto public java.lang.String com.zzm.demo.controller.DemoInfoController.insertBatch()
2018-03-22 16:41:38.714 [main] INFO  org.springframework.web.servlet.mvc.method.annotation.RequestMappingHandlerMapping - Mapped "{[/queryByModel],methods=[POST]}" onto public java.util.List<com.zzm.demo.pojo.DemoInfo> com.zzm.demo.controller.DemoInfoController.queryByModel(com.zzm.demo.pojo.DemoInfo)
2018-03-22 16:41:38.714 [main] INFO  org.springframework.web.servlet.mvc.method.annotation.RequestMappingHandlerMapping - Mapped "{[/find2]}" onto public java.util.List<com.zzm.demo.pojo.DemoInfo> com.zzm.demo.controller.DemoInfoController.find2()
2018-03-22 16:41:38.715 [main] INFO  org.springframework.web.servlet.mvc.method.annotation.RequestMappingHandlerMapping - Mapped "{[/updateMultiForInc]}" onto public com.mongodb.WriteResult com.zzm.demo.controller.DemoInfoController.updateMultiForInc()
2018-03-22 16:41:38.715 [main] INFO  org.springframework.web.servlet.mvc.method.annotation.RequestMappingHandlerMapping - Mapped "{[/updateMultiForPull]}" onto public com.mongodb.WriteResult com.zzm.demo.controller.DemoInfoController.updateMultiForPull()
2018-03-22 16:41:38.715 [main] INFO  org.springframework.web.servlet.mvc.method.annotation.RequestMappingHandlerMapping - Mapped "{[/updateMultiForReName]}" onto public com.mongodb.WriteResult com.zzm.demo.controller.DemoInfoController.updateMultiForReName()
2018-03-22 16:41:38.716 [main] INFO  org.springframework.web.servlet.mvc.method.annotation.RequestMappingHandlerMapping - Mapped "{[/queryByCondition]}" onto public java.util.List<com.zzm.demo.pojo.DemoInfo> com.zzm.demo.controller.DemoInfoController.queryByCondition()
2018-03-22 16:41:38.716 [main] INFO  org.springframework.web.servlet.mvc.method.annotation.RequestMappingHandlerMapping - Mapped "{[/upsertByCondition]}" onto public com.mongodb.WriteResult com.zzm.demo.controller.DemoInfoController.upsertByCondition()
2018-03-22 16:41:38.717 [main] INFO  org.springframework.web.servlet.mvc.method.annotation.RequestMappingHandlerMapping - Mapped "{[/updateMultiForUnset]}" onto public com.mongodb.WriteResult com.zzm.demo.controller.DemoInfoController.updateMultiForUnset()
2018-03-22 16:41:38.717 [main] INFO  org.springframework.web.servlet.mvc.method.annotation.RequestMappingHandlerMapping - Mapped "{[/down],methods=[GET]}" onto public void com.zzm.demo.controller.DownController.downLoad(javax.servlet.http.HttpServletResponse) throws java.lang.Exception
2018-03-22 16:41:38.719 [main] INFO  org.springframework.web.servlet.mvc.method.annotation.RequestMappingHandlerMapping - Mapped "{[/page],methods=[POST]}" onto public com.zzm.demo.pojo.PageModel<com.zzm.demo.pojo.DemoInfo> com.zzm.demo.controller.PageController.findByPage(java.lang.Integer,java.lang.Integer)
2018-03-22 16:41:38.729 [main] INFO  org.springframework.web.servlet.mvc.method.annotation.RequestMappingHandlerMapping - Mapped "{[/index/find],methods=[GET]}" onto public java.lang.Object com.zzm.demo.controller.UserController.find()
2018-03-22 16:41:38.730 [main] INFO  org.springframework.web.servlet.mvc.method.annotation.RequestMappingHandlerMapping - Mapped "{[/index/delete],methods=[GET]}" onto public java.lang.Object com.zzm.demo.controller.UserController.delete()
2018-03-22 16:41:38.730 [main] INFO  org.springframework.web.servlet.mvc.method.annotation.RequestMappingHandlerMapping - Mapped "{[/index/update/{id}],methods=[GET]}" onto public java.lang.Object com.zzm.demo.controller.UserController.update(java.lang.String)
2018-03-22 16:41:38.730 [main] INFO  org.springframework.web.servlet.mvc.method.annotation.RequestMappingHandlerMapping - Mapped "{[/index/test/{id}],methods=[GET]}" onto public java.lang.Object com.zzm.demo.controller.UserController.test(java.lang.String)
2018-03-22 16:41:38.730 [main] INFO  org.springframework.web.servlet.mvc.method.annotation.RequestMappingHandlerMapping - Mapped "{[/index/findAll],methods=[GET]}" onto public java.lang.Object com.zzm.demo.controller.UserController.findAll()
2018-03-22 16:41:38.734 [main] INFO  org.springframework.web.servlet.mvc.method.annotation.RequestMappingHandlerMapping - Mapped "{[/error]}" onto public org.springframework.http.ResponseEntity<java.util.Map<java.lang.String, java.lang.Object>> org.springframework.boot.autoconfigure.web.BasicErrorController.error(javax.servlet.http.HttpServletRequest)
2018-03-22 16:41:38.734 [main] INFO  org.springframework.web.servlet.mvc.method.annotation.RequestMappingHandlerMapping - Mapped "{[/error],produces=[text/html]}" onto public org.springframework.web.servlet.ModelAndView org.springframework.boot.autoconfigure.web.BasicErrorController.errorHtml(javax.servlet.http.HttpServletRequest,javax.servlet.http.HttpServletResponse)
2018-03-22 16:41:38.796 [main] INFO  org.springframework.web.servlet.handler.SimpleUrlHandlerMapping - Mapped URL path [/webjars/**] onto handler of type [class org.springframework.web.servlet.resource.ResourceHttpRequestHandler]
2018-03-22 16:41:38.797 [main] INFO  org.springframework.web.servlet.handler.SimpleUrlHandlerMapping - Mapped URL path [/**] onto handler of type [class org.springframework.web.servlet.resource.ResourceHttpRequestHandler]
2018-03-22 16:41:38.917 [main] INFO  org.springframework.web.servlet.handler.SimpleUrlHandlerMapping - Mapped URL path [/**/favicon.ico] onto handler of type [class org.springframework.web.servlet.resource.ResourceHttpRequestHandler]
2018-03-22 16:41:39.501 [main] INFO  com.zzm.demo.utils.FastDFSClientTest - Started FastDFSClientTest in 5.649 seconds (JVM running for 9.297)
2018-03-22 16:42:00.649 [Thread-2] INFO  org.springframework.web.context.support.GenericWebApplicationContext - Closing org.springframework.web.context.support.GenericWebApplicationContext@3e25e2b8: startup date [Thu Mar 22 16:41:34 CST 2018]; root of context hierarchy
2018-03-22 16:42:15.462 [main] INFO  com.zzm.demo.utils.FastDFSClientTest - Starting FastDFSClientTest on DESKTOP-OEBLPIA with PID 13888 (started by admin in C:\JavaDevelopment\WeChat\moinca-springboot-mongodb-master\springboot-mongodb)
2018-03-22 16:42:15.463 [main] INFO  com.zzm.demo.utils.FastDFSClientTest - No active profile set, falling back to default profiles: default
2018-03-22 16:42:15.508 [main] INFO  org.springframework.web.context.support.GenericWebApplicationContext - Refreshing org.springframework.web.context.support.GenericWebApplicationContext@60123018: startup date [Thu Mar 22 16:42:15 CST 2018]; root of context hierarchy
2018-03-22 16:42:16.066 [background-preinit] INFO  org.hibernate.validator.internal.util.Version - HV000001: Hibernate Validator 5.3.5.Final
2018-03-22 16:42:17.807 [main] INFO  org.mongodb.driver.cluster - Cluster created with settings {hosts=[106.14.133.57:27017], mode=SINGLE, requiredClusterType=UNKNOWN, serverSelectionTimeout='30000 ms', maxWaitQueueSize=500}
2018-03-22 16:42:18.032 [cluster-ClusterId{value='5ab36c69171f393640e7faaf', description='null'}-106.14.133.57:27017] INFO  org.mongodb.driver.connection - Opened connection [connectionId{localValue:1, serverValue:22}] to 106.14.133.57:27017
2018-03-22 16:42:18.071 [cluster-ClusterId{value='5ab36c69171f393640e7faaf', description='null'}-106.14.133.57:27017] INFO  org.mongodb.driver.cluster - Monitor thread successfully connected to server with description ServerDescription{address=106.14.133.57:27017, type=STANDALONE, state=CONNECTED, ok=true, version=ServerVersion{versionList=[3, 4, 6]}, minWireVersion=0, maxWireVersion=5, maxDocumentSize=16777216, roundTripTimeNanos=38264455}
2018-03-22 16:42:18.073 [main] DEBUG org.springframework.data.mongodb.core.index.MongoPersistentEntityIndexCreator - Analyzing class class com.zzm.demo.pojo.User for index information.
2018-03-22 16:42:19.088 [main] INFO  org.springframework.web.servlet.mvc.method.annotation.RequestMappingHandlerAdapter - Looking for @ControllerAdvice: org.springframework.web.context.support.GenericWebApplicationContext@60123018: startup date [Thu Mar 22 16:42:15 CST 2018]; root of context hierarchy
2018-03-22 16:42:19.203 [main] INFO  org.springframework.web.servlet.mvc.method.annotation.RequestMappingHandlerMapping - Mapped "{[/insert]}" onto public java.lang.String com.zzm.demo.controller.DemoInfoController.insert()
2018-03-22 16:42:19.211 [main] INFO  org.springframework.web.servlet.mvc.method.annotation.RequestMappingHandlerMapping - Mapped "{[/updateMulti]}" onto public com.mongodb.WriteResult com.zzm.demo.controller.DemoInfoController.updateMulti()
2018-03-22 16:42:19.213 [main] INFO  org.springframework.web.servlet.mvc.method.annotation.RequestMappingHandlerMapping - Mapped "{[/queryByCondition]}" onto public java.util.List<com.zzm.demo.pojo.DemoInfo> com.zzm.demo.controller.DemoInfoController.queryByCondition()
2018-03-22 16:42:19.213 [main] INFO  org.springframework.web.servlet.mvc.method.annotation.RequestMappingHandlerMapping - Mapped "{[/updateMultiForPull]}" onto public com.mongodb.WriteResult com.zzm.demo.controller.DemoInfoController.updateMultiForPull()
2018-03-22 16:42:19.214 [main] INFO  org.springframework.web.servlet.mvc.method.annotation.RequestMappingHandlerMapping - Mapped "{[/updateMultiForReName]}" onto public com.mongodb.WriteResult com.zzm.demo.controller.DemoInfoController.updateMultiForReName()
2018-03-22 16:42:19.214 [main] INFO  org.springframework.web.servlet.mvc.method.annotation.RequestMappingHandlerMapping - Mapped "{[/upsertByCondition]}" onto public com.mongodb.WriteResult com.zzm.demo.controller.DemoInfoController.upsertByCondition()
2018-03-22 16:42:19.214 [main] INFO  org.springframework.web.servlet.mvc.method.annotation.RequestMappingHandlerMapping - Mapped "{[/updateMultiForInc]}" onto public com.mongodb.WriteResult com.zzm.demo.controller.DemoInfoController.updateMultiForInc()
2018-03-22 16:42:19.214 [main] INFO  org.springframework.web.servlet.mvc.method.annotation.RequestMappingHandlerMapping - Mapped "{[/updateMultiForUnset]}" onto public com.mongodb.WriteResult com.zzm.demo.controller.DemoInfoController.updateMultiForUnset()
2018-03-22 16:42:19.214 [main] INFO  org.springframework.web.servlet.mvc.method.annotation.RequestMappingHandlerMapping - Mapped "{[/insert2]}" onto public java.lang.String com.zzm.demo.controller.DemoInfoController.insert2()
2018-03-22 16:42:19.215 [main] INFO  org.springframework.web.servlet.mvc.method.annotation.RequestMappingHandlerMapping - Mapped "{[/queryByModel],methods=[POST]}" onto public java.util.List<com.zzm.demo.pojo.DemoInfo> com.zzm.demo.controller.DemoInfoController.queryByModel(com.zzm.demo.pojo.DemoInfo)
2018-03-22 16:42:19.216 [main] INFO  org.springframework.web.servlet.mvc.method.annotation.RequestMappingHandlerMapping - Mapped "{[/insertBatch]}" onto public java.lang.String com.zzm.demo.controller.DemoInfoController.insertBatch()
2018-03-22 16:42:19.216 [main] INFO  org.springframework.web.servlet.mvc.method.annotation.RequestMappingHandlerMapping - Mapped "{[/find2]}" onto public java.util.List<com.zzm.demo.pojo.DemoInfo> com.zzm.demo.controller.DemoInfoController.find2()
2018-03-22 16:42:19.217 [main] INFO  org.springframework.web.servlet.mvc.method.annotation.RequestMappingHandlerMapping - Mapped "{[/down],methods=[GET]}" onto public void com.zzm.demo.controller.DownController.downLoad(javax.servlet.http.HttpServletResponse) throws java.lang.Exception
2018-03-22 16:42:19.219 [main] INFO  org.springframework.web.servlet.mvc.method.annotation.RequestMappingHandlerMapping - Mapped "{[/page],methods=[POST]}" onto public com.zzm.demo.pojo.PageModel<com.zzm.demo.pojo.DemoInfo> com.zzm.demo.controller.PageController.findByPage(java.lang.Integer,java.lang.Integer)
2018-03-22 16:42:19.226 [main] INFO  org.springframework.web.servlet.mvc.method.annotation.RequestMappingHandlerMapping - Mapped "{[/index/find],methods=[GET]}" onto public java.lang.Object com.zzm.demo.controller.UserController.find()
2018-03-22 16:42:19.226 [main] INFO  org.springframework.web.servlet.mvc.method.annotation.RequestMappingHandlerMapping - Mapped "{[/index/delete],methods=[GET]}" onto public java.lang.Object com.zzm.demo.controller.UserController.delete()
2018-03-22 16:42:19.227 [main] INFO  org.springframework.web.servlet.mvc.method.annotation.RequestMappingHandlerMapping - Mapped "{[/index/update/{id}],methods=[GET]}" onto public java.lang.Object com.zzm.demo.controller.UserController.update(java.lang.String)
2018-03-22 16:42:19.227 [main] INFO  org.springframework.web.servlet.mvc.method.annotation.RequestMappingHandlerMapping - Mapped "{[/index/test/{id}],methods=[GET]}" onto public java.lang.Object com.zzm.demo.controller.UserController.test(java.lang.String)
2018-03-22 16:42:19.228 [main] INFO  org.springframework.web.servlet.mvc.method.annotation.RequestMappingHandlerMapping - Mapped "{[/index/findAll],methods=[GET]}" onto public java.lang.Object com.zzm.demo.controller.UserController.findAll()
2018-03-22 16:42:19.232 [main] INFO  org.springframework.web.servlet.mvc.method.annotation.RequestMappingHandlerMapping - Mapped "{[/error]}" onto public org.springframework.http.ResponseEntity<java.util.Map<java.lang.String, java.lang.Object>> org.springframework.boot.autoconfigure.web.BasicErrorController.error(javax.servlet.http.HttpServletRequest)
2018-03-22 16:42:19.233 [main] INFO  org.springframework.web.servlet.mvc.method.annotation.RequestMappingHandlerMapping - Mapped "{[/error],produces=[text/html]}" onto public org.springframework.web.servlet.ModelAndView org.springframework.boot.autoconfigure.web.BasicErrorController.errorHtml(javax.servlet.http.HttpServletRequest,javax.servlet.http.HttpServletResponse)
2018-03-22 16:42:19.412 [main] INFO  org.springframework.web.servlet.handler.SimpleUrlHandlerMapping - Mapped URL path [/webjars/**] onto handler of type [class org.springframework.web.servlet.resource.ResourceHttpRequestHandler]
2018-03-22 16:42:19.413 [main] INFO  org.springframework.web.servlet.handler.SimpleUrlHandlerMapping - Mapped URL path [/**] onto handler of type [class org.springframework.web.servlet.resource.ResourceHttpRequestHandler]
2018-03-22 16:42:19.577 [main] INFO  org.springframework.web.servlet.handler.SimpleUrlHandlerMapping - Mapped URL path [/**/favicon.ico] onto handler of type [class org.springframework.web.servlet.resource.ResourceHttpRequestHandler]
2018-03-22 16:42:20.711 [main] INFO  com.zzm.demo.utils.FastDFSClientTest - Started FastDFSClientTest in 6.252 seconds (JVM running for 7.594)
2018-03-22 16:42:21.621 [Thread-2] INFO  org.springframework.web.context.support.GenericWebApplicationContext - Closing org.springframework.web.context.support.GenericWebApplicationContext@60123018: startup date [Thu Mar 22 16:42:15 CST 2018]; root of context hierarchy
2018-03-22 16:43:03.735 [main] INFO  com.zzm.demo.utils.FastDFSClientTest - Starting FastDFSClientTest on DESKTOP-OEBLPIA with PID 14772 (started by admin in C:\JavaDevelopment\WeChat\moinca-springboot-mongodb-master\springboot-mongodb)
2018-03-22 16:43:03.736 [main] INFO  com.zzm.demo.utils.FastDFSClientTest - No active profile set, falling back to default profiles: default
2018-03-22 16:43:03.785 [main] INFO  org.springframework.web.context.support.GenericWebApplicationContext - Refreshing org.springframework.web.context.support.GenericWebApplicationContext@57c89e3c: startup date [Thu Mar 22 16:43:03 CST 2018]; root of context hierarchy
2018-03-22 16:43:04.406 [background-preinit] INFO  org.hibernate.validator.internal.util.Version - HV000001: Hibernate Validator 5.3.5.Final
2018-03-22 16:43:06.637 [main] INFO  org.mongodb.driver.cluster - Cluster created with settings {hosts=[106.14.133.57:27017], mode=SINGLE, requiredClusterType=UNKNOWN, serverSelectionTimeout='30000 ms', maxWaitQueueSize=500}
2018-03-22 16:43:06.874 [cluster-ClusterId{value='5ab36c9a171f3939b4e2f263', description='null'}-106.14.133.57:27017] INFO  org.mongodb.driver.connection - Opened connection [connectionId{localValue:1, serverValue:23}] to 106.14.133.57:27017
2018-03-22 16:43:06.914 [cluster-ClusterId{value='5ab36c9a171f3939b4e2f263', description='null'}-106.14.133.57:27017] INFO  org.mongodb.driver.cluster - Monitor thread successfully connected to server with description ServerDescription{address=106.14.133.57:27017, type=STANDALONE, state=CONNECTED, ok=true, version=ServerVersion{versionList=[3, 4, 6]}, minWireVersion=0, maxWireVersion=5, maxDocumentSize=16777216, roundTripTimeNanos=39464031}
2018-03-22 16:43:06.945 [main] DEBUG org.springframework.data.mongodb.core.index.MongoPersistentEntityIndexCreator - Analyzing class class com.zzm.demo.pojo.User for index information.
2018-03-22 16:43:08.008 [main] INFO  org.springframework.web.servlet.mvc.method.annotation.RequestMappingHandlerAdapter - Looking for @ControllerAdvice: org.springframework.web.context.support.GenericWebApplicationContext@57c89e3c: startup date [Thu Mar 22 16:43:03 CST 2018]; root of context hierarchy
2018-03-22 16:43:08.118 [main] INFO  org.springframework.web.servlet.mvc.method.annotation.RequestMappingHandlerMapping - Mapped "{[/insert]}" onto public java.lang.String com.zzm.demo.controller.DemoInfoController.insert()
2018-03-22 16:43:08.120 [main] INFO  org.springframework.web.servlet.mvc.method.annotation.RequestMappingHandlerMapping - Mapped "{[/updateMulti]}" onto public com.mongodb.WriteResult com.zzm.demo.controller.DemoInfoController.updateMulti()
2018-03-22 16:43:08.120 [main] INFO  org.springframework.web.servlet.mvc.method.annotation.RequestMappingHandlerMapping - Mapped "{[/updateMultiForPull]}" onto public com.mongodb.WriteResult com.zzm.demo.controller.DemoInfoController.updateMultiForPull()
2018-03-22 16:43:08.121 [main] INFO  org.springframework.web.servlet.mvc.method.annotation.RequestMappingHandlerMapping - Mapped "{[/updateMultiForInc]}" onto public com.mongodb.WriteResult com.zzm.demo.controller.DemoInfoController.updateMultiForInc()
2018-03-22 16:43:08.122 [main] INFO  org.springframework.web.servlet.mvc.method.annotation.RequestMappingHandlerMapping - Mapped "{[/updateMultiForReName]}" onto public com.mongodb.WriteResult com.zzm.demo.controller.DemoInfoController.updateMultiForReName()
2018-03-22 16:43:08.123 [main] INFO  org.springframework.web.servlet.mvc.method.annotation.RequestMappingHandlerMapping - Mapped "{[/updateMultiForUnset]}" onto public com.mongodb.WriteResult com.zzm.demo.controller.DemoInfoController.updateMultiForUnset()
2018-03-22 16:43:08.123 [main] INFO  org.springframework.web.servlet.mvc.method.annotation.RequestMappingHandlerMapping - Mapped "{[/queryByCondition]}" onto public java.util.List<com.zzm.demo.pojo.DemoInfo> com.zzm.demo.controller.DemoInfoController.queryByCondition()
2018-03-22 16:43:08.123 [main] INFO  org.springframework.web.servlet.mvc.method.annotation.RequestMappingHandlerMapping - Mapped "{[/upsertByCondition]}" onto public com.mongodb.WriteResult com.zzm.demo.controller.DemoInfoController.upsertByCondition()
2018-03-22 16:43:08.124 [main] INFO  org.springframework.web.servlet.mvc.method.annotation.RequestMappingHandlerMapping - Mapped "{[/insert2]}" onto public java.lang.String com.zzm.demo.controller.DemoInfoController.insert2()
2018-03-22 16:43:08.124 [main] INFO  org.springframework.web.servlet.mvc.method.annotation.RequestMappingHandlerMapping - Mapped "{[/queryByModel],methods=[POST]}" onto public java.util.List<com.zzm.demo.pojo.DemoInfo> com.zzm.demo.controller.DemoInfoController.queryByModel(com.zzm.demo.pojo.DemoInfo)
2018-03-22 16:43:08.124 [main] INFO  org.springframework.web.servlet.mvc.method.annotation.RequestMappingHandlerMapping - Mapped "{[/insertBatch]}" onto public java.lang.String com.zzm.demo.controller.DemoInfoController.insertBatch()
2018-03-22 16:43:08.125 [main] INFO  org.springframework.web.servlet.mvc.method.annotation.RequestMappingHandlerMapping - Mapped "{[/find2]}" onto public java.util.List<com.zzm.demo.pojo.DemoInfo> com.zzm.demo.controller.DemoInfoController.find2()
2018-03-22 16:43:08.126 [main] INFO  org.springframework.web.servlet.mvc.method.annotation.RequestMappingHandlerMapping - Mapped "{[/down],methods=[GET]}" onto public void com.zzm.demo.controller.DownController.downLoad(javax.servlet.http.HttpServletResponse) throws java.lang.Exception
2018-03-22 16:43:08.126 [main] INFO  org.springframework.web.servlet.mvc.method.annotation.RequestMappingHandlerMapping - Mapped "{[/page],methods=[POST]}" onto public com.zzm.demo.pojo.PageModel<com.zzm.demo.pojo.DemoInfo> com.zzm.demo.controller.PageController.findByPage(java.lang.Integer,java.lang.Integer)
2018-03-22 16:43:08.134 [main] INFO  org.springframework.web.servlet.mvc.method.annotation.RequestMappingHandlerMapping - Mapped "{[/index/find],methods=[GET]}" onto public java.lang.Object com.zzm.demo.controller.UserController.find()
2018-03-22 16:43:08.135 [main] INFO  org.springframework.web.servlet.mvc.method.annotation.RequestMappingHandlerMapping - Mapped "{[/index/delete],methods=[GET]}" onto public java.lang.Object com.zzm.demo.controller.UserController.delete()
2018-03-22 16:43:08.135 [main] INFO  org.springframework.web.servlet.mvc.method.annotation.RequestMappingHandlerMapping - Mapped "{[/index/update/{id}],methods=[GET]}" onto public java.lang.Object com.zzm.demo.controller.UserController.update(java.lang.String)
2018-03-22 16:43:08.136 [main] INFO  org.springframework.web.servlet.mvc.method.annotation.RequestMappingHandlerMapping - Mapped "{[/index/test/{id}],methods=[GET]}" onto public java.lang.Object com.zzm.demo.controller.UserController.test(java.lang.String)
2018-03-22 16:43:08.137 [main] INFO  org.springframework.web.servlet.mvc.method.annotation.RequestMappingHandlerMapping - Mapped "{[/index/findAll],methods=[GET]}" onto public java.lang.Object com.zzm.demo.controller.UserController.findAll()
2018-03-22 16:43:08.142 [main] INFO  org.springframework.web.servlet.mvc.method.annotation.RequestMappingHandlerMapping - Mapped "{[/error]}" onto public org.springframework.http.ResponseEntity<java.util.Map<java.lang.String, java.lang.Object>> org.springframework.boot.autoconfigure.web.BasicErrorController.error(javax.servlet.http.HttpServletRequest)
2018-03-22 16:43:08.143 [main] INFO  org.springframework.web.servlet.mvc.method.annotation.RequestMappingHandlerMapping - Mapped "{[/error],produces=[text/html]}" onto public org.springframework.web.servlet.ModelAndView org.springframework.boot.autoconfigure.web.BasicErrorController.errorHtml(javax.servlet.http.HttpServletRequest,javax.servlet.http.HttpServletResponse)
2018-03-22 16:43:08.267 [main] INFO  org.springframework.web.servlet.handler.SimpleUrlHandlerMapping - Mapped URL path [/webjars/**] onto handler of type [class org.springframework.web.servlet.resource.ResourceHttpRequestHandler]
2018-03-22 16:43:08.267 [main] INFO  org.springframework.web.servlet.handler.SimpleUrlHandlerMapping - Mapped URL path [/**] onto handler of type [class org.springframework.web.servlet.resource.ResourceHttpRequestHandler]
2018-03-22 16:43:08.361 [main] INFO  org.springframework.web.servlet.handler.SimpleUrlHandlerMapping - Mapped URL path [/**/favicon.ico] onto handler of type [class org.springframework.web.servlet.resource.ResourceHttpRequestHandler]
2018-03-22 16:43:09.185 [main] INFO  com.zzm.demo.utils.FastDFSClientTest - Started FastDFSClientTest in 6.447 seconds (JVM running for 7.749)
2018-03-22 16:43:42.877 [Thread-2] INFO  org.springframework.web.context.support.GenericWebApplicationContext - Closing org.springframework.web.context.support.GenericWebApplicationContext@57c89e3c: startup date [Thu Mar 22 16:43:03 CST 2018]; root of context hierarchy
2018-03-22 16:46:36.406 [main] INFO  com.zzm.demo.utils.FastDFSClientTest - Starting FastDFSClientTest on DESKTOP-OEBLPIA with PID 716 (started by admin in C:\JavaDevelopment\WeChat\moinca-springboot-mongodb-master\springboot-mongodb)
2018-03-22 16:46:36.407 [main] INFO  com.zzm.demo.utils.FastDFSClientTest - No active profile set, falling back to default profiles: default
2018-03-22 16:46:36.564 [main] INFO  org.springframework.web.context.support.GenericWebApplicationContext - Refreshing org.springframework.web.context.support.GenericWebApplicationContext@1d06aa01: startup date [Thu Mar 22 16:46:36 CST 2018]; root of context hierarchy
2018-03-22 16:46:37.230 [background-preinit] INFO  org.hibernate.validator.internal.util.Version - HV000001: Hibernate Validator 5.3.5.Final
2018-03-22 16:46:39.412 [main] INFO  org.mongodb.driver.cluster - Cluster created with settings {hosts=[106.14.133.57:27017], mode=SINGLE, requiredClusterType=UNKNOWN, serverSelectionTimeout='30000 ms', maxWaitQueueSize=500}
2018-03-22 16:46:39.648 [cluster-ClusterId{value='5ab36d6f171f3902cc3f5418', description='null'}-106.14.133.57:27017] INFO  org.mongodb.driver.connection - Opened connection [connectionId{localValue:1, serverValue:24}] to 106.14.133.57:27017
2018-03-22 16:46:39.685 [cluster-ClusterId{value='5ab36d6f171f3902cc3f5418', description='null'}-106.14.133.57:27017] INFO  org.mongodb.driver.cluster - Monitor thread successfully connected to server with description ServerDescription{address=106.14.133.57:27017, type=STANDALONE, state=CONNECTED, ok=true, version=ServerVersion{versionList=[3, 4, 6]}, minWireVersion=0, maxWireVersion=5, maxDocumentSize=16777216, roundTripTimeNanos=35859263}
2018-03-22 16:46:39.729 [main] DEBUG org.springframework.data.mongodb.core.index.MongoPersistentEntityIndexCreator - Analyzing class class com.zzm.demo.pojo.User for index information.
2018-03-22 16:46:40.825 [main] INFO  org.springframework.web.servlet.mvc.method.annotation.RequestMappingHandlerAdapter - Looking for @ControllerAdvice: org.springframework.web.context.support.GenericWebApplicationContext@1d06aa01: startup date [Thu Mar 22 16:46:36 CST 2018]; root of context hierarchy
2018-03-22 16:46:40.940 [main] INFO  org.springframework.web.servlet.mvc.method.annotation.RequestMappingHandlerMapping - Mapped "{[/insert]}" onto public java.lang.String com.zzm.demo.controller.DemoInfoController.insert()
2018-03-22 16:46:40.942 [main] INFO  org.springframework.web.servlet.mvc.method.annotation.RequestMappingHandlerMapping - Mapped "{[/updateMulti]}" onto public com.mongodb.WriteResult com.zzm.demo.controller.DemoInfoController.updateMulti()
2018-03-22 16:46:40.942 [main] INFO  org.springframework.web.servlet.mvc.method.annotation.RequestMappingHandlerMapping - Mapped "{[/updateMultiForReName]}" onto public com.mongodb.WriteResult com.zzm.demo.controller.DemoInfoController.updateMultiForReName()
2018-03-22 16:46:40.942 [main] INFO  org.springframework.web.servlet.mvc.method.annotation.RequestMappingHandlerMapping - Mapped "{[/upsertByCondition]}" onto public com.mongodb.WriteResult com.zzm.demo.controller.DemoInfoController.upsertByCondition()
2018-03-22 16:46:40.943 [main] INFO  org.springframework.web.servlet.mvc.method.annotation.RequestMappingHandlerMapping - Mapped "{[/queryByCondition]}" onto public java.util.List<com.zzm.demo.pojo.DemoInfo> com.zzm.demo.controller.DemoInfoController.queryByCondition()
2018-03-22 16:46:40.943 [main] INFO  org.springframework.web.servlet.mvc.method.annotation.RequestMappingHandlerMapping - Mapped "{[/updateMultiForPull]}" onto public com.mongodb.WriteResult com.zzm.demo.controller.DemoInfoController.updateMultiForPull()
2018-03-22 16:46:40.943 [main] INFO  org.springframework.web.servlet.mvc.method.annotation.RequestMappingHandlerMapping - Mapped "{[/updateMultiForInc]}" onto public com.mongodb.WriteResult com.zzm.demo.controller.DemoInfoController.updateMultiForInc()
2018-03-22 16:46:40.943 [main] INFO  org.springframework.web.servlet.mvc.method.annotation.RequestMappingHandlerMapping - Mapped "{[/updateMultiForUnset]}" onto public com.mongodb.WriteResult com.zzm.demo.controller.DemoInfoController.updateMultiForUnset()
2018-03-22 16:46:40.944 [main] INFO  org.springframework.web.servlet.mvc.method.annotation.RequestMappingHandlerMapping - Mapped "{[/find2]}" onto public java.util.List<com.zzm.demo.pojo.DemoInfo> com.zzm.demo.controller.DemoInfoController.find2()
2018-03-22 16:46:40.944 [main] INFO  org.springframework.web.servlet.mvc.method.annotation.RequestMappingHandlerMapping - Mapped "{[/queryByModel],methods=[POST]}" onto public java.util.List<com.zzm.demo.pojo.DemoInfo> com.zzm.demo.controller.DemoInfoController.queryByModel(com.zzm.demo.pojo.DemoInfo)
2018-03-22 16:46:40.945 [main] INFO  org.springframework.web.servlet.mvc.method.annotation.RequestMappingHandlerMapping - Mapped "{[/insert2]}" onto public java.lang.String com.zzm.demo.controller.DemoInfoController.insert2()
2018-03-22 16:46:40.945 [main] INFO  org.springframework.web.servlet.mvc.method.annotation.RequestMappingHandlerMapping - Mapped "{[/insertBatch]}" onto public java.lang.String com.zzm.demo.controller.DemoInfoController.insertBatch()
2018-03-22 16:46:40.946 [main] INFO  org.springframework.web.servlet.mvc.method.annotation.RequestMappingHandlerMapping - Mapped "{[/down],methods=[GET]}" onto public void com.zzm.demo.controller.DownController.downLoad(javax.servlet.http.HttpServletResponse) throws java.lang.Exception
2018-03-22 16:46:40.946 [main] INFO  org.springframework.web.servlet.mvc.method.annotation.RequestMappingHandlerMapping - Mapped "{[/page],methods=[POST]}" onto public com.zzm.demo.pojo.PageModel<com.zzm.demo.pojo.DemoInfo> com.zzm.demo.controller.PageController.findByPage(java.lang.Integer,java.lang.Integer)
2018-03-22 16:46:40.951 [main] INFO  org.springframework.web.servlet.mvc.method.annotation.RequestMappingHandlerMapping - Mapped "{[/index/find],methods=[GET]}" onto public java.lang.Object com.zzm.demo.controller.UserController.find()
2018-03-22 16:46:40.951 [main] INFO  org.springframework.web.servlet.mvc.method.annotation.RequestMappingHandlerMapping - Mapped "{[/index/delete],methods=[GET]}" onto public java.lang.Object com.zzm.demo.controller.UserController.delete()
2018-03-22 16:46:40.952 [main] INFO  org.springframework.web.servlet.mvc.method.annotation.RequestMappingHandlerMapping - Mapped "{[/index/update/{id}],methods=[GET]}" onto public java.lang.Object com.zzm.demo.controller.UserController.update(java.lang.String)
2018-03-22 16:46:40.952 [main] INFO  org.springframework.web.servlet.mvc.method.annotation.RequestMappingHandlerMapping - Mapped "{[/index/test/{id}],methods=[GET]}" onto public java.lang.Object com.zzm.demo.controller.UserController.test(java.lang.String)
2018-03-22 16:46:40.953 [main] INFO  org.springframework.web.servlet.mvc.method.annotation.RequestMappingHandlerMapping - Mapped "{[/index/findAll],methods=[GET]}" onto public java.lang.Object com.zzm.demo.controller.UserController.findAll()
2018-03-22 16:46:40.958 [main] INFO  org.springframework.web.servlet.mvc.method.annotation.RequestMappingHandlerMapping - Mapped "{[/error]}" onto public org.springframework.http.ResponseEntity<java.util.Map<java.lang.String, java.lang.Object>> org.springframework.boot.autoconfigure.web.BasicErrorController.error(javax.servlet.http.HttpServletRequest)
2018-03-22 16:46:40.962 [main] INFO  org.springframework.web.servlet.mvc.method.annotation.RequestMappingHandlerMapping - Mapped "{[/error],produces=[text/html]}" onto public org.springframework.web.servlet.ModelAndView org.springframework.boot.autoconfigure.web.BasicErrorController.errorHtml(javax.servlet.http.HttpServletRequest,javax.servlet.http.HttpServletResponse)
2018-03-22 16:46:41.023 [main] INFO  org.springframework.web.servlet.handler.SimpleUrlHandlerMapping - Mapped URL path [/webjars/**] onto handler of type [class org.springframework.web.servlet.resource.ResourceHttpRequestHandler]
2018-03-22 16:46:41.023 [main] INFO  org.springframework.web.servlet.handler.SimpleUrlHandlerMapping - Mapped URL path [/**] onto handler of type [class org.springframework.web.servlet.resource.ResourceHttpRequestHandler]
2018-03-22 16:46:41.198 [main] INFO  org.springframework.web.servlet.handler.SimpleUrlHandlerMapping - Mapped URL path [/**/favicon.ico] onto handler of type [class org.springframework.web.servlet.resource.ResourceHttpRequestHandler]
2018-03-22 16:46:41.970 [main] INFO  com.zzm.demo.utils.FastDFSClientTest - Started FastDFSClientTest in 6.475 seconds (JVM running for 8.376)
2018-03-22 16:47:40.121 [Thread-2] INFO  org.springframework.web.context.support.GenericWebApplicationContext - Closing org.springframework.web.context.support.GenericWebApplicationContext@1d06aa01: startup date [Thu Mar 22 16:46:36 CST 2018]; root of context hierarchy
